<?xml version="1.0" encoding="UTF-8"?>
<!-- Generated by org.testng.reporters.JUnitReportReporter -->
<testsuite hostname="DESKTOP-QR09RTL" failures="0" tests="6" name="api.test.DataDriverTest" time="14.381" errors="0" timestamp="2023-07-16T12:25:06 IST" skipped="0">
  <testcase classname="api.test.DataDriverTest" name="testPostUser" time="1.360"/>
  <system-out/>
  <testcase classname="api.test.DataDriverTest" name="testPostUser" time="7.354"/>
  <system-out/>
  <testcase classname="api.test.DataDriverTest" name="testPostUser" time="1.430"/>
  <system-out/>
  <testcase classname="api.test.DataDriverTest" name="deleteUser" time="1.509"/>
  <system-out/>
  <testcase classname="api.test.DataDriverTest" name="deleteUser" time="1.335"/>
  <system-out/>
  <testcase classname="api.test.DataDriverTest" name="deleteUser" time="1.393"/>
  <system-out/>
</testsuite> <!-- api.test.DataDriverTest -->
