<?xml version="1.0" encoding="UTF-8"?>
<!-- Generated by org.testng.reporters.JUnitReportReporter -->
<testsuite hostname="DESKTOP-QR09RTL" failures="0" tests="4" name="api.test.userTest" time="14.621" errors="0" timestamp="2023-07-16T17:57:51 IST" skipped="0">
  <testcase classname="api.test.userTest" name="testPostUser" time="7.556"/>
  <system-out/>
  <testcase classname="api.test.userTest" name="testGetUserByName" time="1.519"/>
  <system-out/>
  <testcase classname="api.test.userTest" name="testUpdateUser" time="4.207"/>
  <system-out/>
  <testcase classname="api.test.userTest" name="testDeleteUser" time="1.339"/>
  <system-out/>
</testsuite> <!-- api.test.userTest -->
