<?xml version="1.0" encoding="UTF-8"?>
<!-- Generated by org.testng.reporters.JUnitReportReporter -->
<testsuite hostname="DESKTOP-QR09RTL" failures="0" tests="1" name="api.utilities.dataProviders" time="3.193" errors="0" timestamp="2023-07-16T12:16:08 IST" skipped="0">
  <testcase classname="api.utilities.dataProviders" name="getUserNames" time="3.193"/>
  <system-out/>
</testsuite> <!-- api.utilities.dataProviders -->
