<?xml version="1.0" encoding="UTF-8"?>
<!-- Generated by org.testng.reporters.JUnitReportReporter -->
<testsuite hostname="DESKTOP-QR09RTL" failures="0" tests="4" name="api.test.userTest2" time="6.757" errors="0" timestamp="2023-07-16T17:57:51 IST" skipped="0">
  <testcase classname="api.test.userTest2" name="testPostUser" time="1.365"/>
  <system-out/>
  <testcase classname="api.test.userTest2" name="testGetUserByName" time="1.292"/>
  <system-out/>
  <testcase classname="api.test.userTest2" name="testUpdateUser" time="2.700"/>
  <system-out/>
  <testcase classname="api.test.userTest2" name="testDeleteUser" time="1.400"/>
  <system-out/>
</testsuite> <!-- api.test.userTest2 -->
