<?xml version="1.0" encoding="UTF-8"?>
<!-- Generated by org.testng.reporters.JUnitReportReporter -->
<testsuite hostname="DESKTOP-QR09RTL" failures="0" tests="4" name="api.test.userTest2" time="6.926" errors="0" timestamp="2023-07-19T10:29:15 IST" skipped="0">
  <testcase classname="api.test.userTest2" name="testPostUser" time="1.758"/>
  <system-out/>
  <testcase classname="api.test.userTest2" name="testGetUserByName" time="1.240"/>
  <system-out/>
  <testcase classname="api.test.userTest2" name="testUpdateUser" time="2.682"/>
  <system-out/>
  <testcase classname="api.test.userTest2" name="testDeleteUser" time="1.246"/>
  <system-out/>
</testsuite> <!-- api.test.userTest2 -->
