<?xml version="1.0" encoding="UTF-8"?>
<!-- Generated by org.testng.reporters.JUnitReportReporter -->
<testsuite hostname="DESKTOP-QR09RTL" failures="0" tests="4" name="api.test.userTest" time="59.213" errors="0" timestamp="2023-07-19T10:29:15 IST" skipped="0">
  <testcase classname="api.test.userTest" name="testPostUser" time="52.443"/>
  <system-out/>
  <testcase classname="api.test.userTest" name="testGetUserByName" time="2.618"/>
  <system-out/>
  <testcase classname="api.test.userTest" name="testUpdateUser" time="2.785"/>
  <system-out/>
  <testcase classname="api.test.userTest" name="testDeleteUser" time="1.367"/>
  <system-out/>
</testsuite> <!-- api.test.userTest -->
